************* Module chess.chesstest
R: 28, 0: Too many public methods (56/20) (too-many-public-methods)


Report
======
350 statements analysed.

Duplication
-----------

+-------------------------+------+---------+-----------+
|                         |now   |previous |difference |
+=========================+======+=========+===========+
|nb duplicated lines      |0     |0        |=          |
+-------------------------+------+---------+-----------+
|percent duplicated lines |0.000 |0.000    |=          |
+-------------------------+------+---------+-----------+



Messages by category
--------------------

+-----------+-------+---------+-----------+
|type       |number |previous |difference |
+===========+=======+=========+===========+
|convention |0      |0        |=          |
+-----------+-------+---------+-----------+
|refactor   |1      |1        |=          |
+-----------+-------+---------+-----------+
|warning    |0      |0        |=          |
+-----------+-------+---------+-----------+
|error      |0      |0        |=          |
+-----------+-------+---------+-----------+



Messages
--------

+------------------------+------------+
|message id              |occurrences |
+========================+============+
|too-many-public-methods |1           |
+------------------------+------------+



Global evaluation
-----------------
Your code has been rated at 9.97/10 (previous run: 9.97/10, +0.00)

Raw metrics
-----------

+----------+-------+------+---------+-----------+
|type      |number |%     |previous |difference |
+==========+=======+======+=========+===========+
|code      |386    |66.10 |386      |=          |
+----------+-------+------+---------+-----------+
|docstring |71     |12.16 |71       |=          |
+----------+-------+------+---------+-----------+
|comment   |90     |15.41 |90       |=          |
+----------+-------+------+---------+-----------+
|empty     |37     |6.34  |37       |=          |
+----------+-------+------+---------+-----------+



Statistics by type
------------------

+---------+-------+-----------+-----------+------------+---------+
|type     |number |old number |difference |%documented |%badname |
+=========+=======+===========+===========+============+=========+
|module   |5      |5          |=          |100.00      |0.00     |
+---------+-------+-----------+-----------+------------+---------+
|class    |8      |8          |=          |100.00      |0.00     |
+---------+-------+-----------+-----------+------------+---------+
|method   |53     |53         |=          |100.00      |0.00     |
+---------+-------+-----------+-----------+------------+---------+
|function |3      |3          |=          |100.00      |0.00     |
+---------+-------+-----------+-----------+------------+---------+



